TN:
SF:src\App.jsx
FN:4,App
FN:8,addTodo
FN:13,(anonymous_2)
FN:20,toggleTodo
FN:21,(anonymous_4)
FN:22,(anonymous_5)
FN:28,removeTodo
FN:29,(anonymous_7)
FN:29,(anonymous_8)
FN:52,(anonymous_9)
FN:65,(anonymous_10)
FN:76,(anonymous_11)
FN:88,(anonymous_12)
FNF:13
FNH:13
FNDA:45,App
FNDA:4,addTodo
FNDA:3,(anonymous_2)
FNDA:1,toggleTodo
FNDA:1,(anonymous_4)
FNDA:1,(anonymous_5)
FNDA:1,removeTodo
FNDA:1,(anonymous_7)
FNDA:1,(anonymous_8)
FNDA:35,(anonymous_9)
FNDA:4,(anonymous_10)
FNDA:1,(anonymous_11)
FNDA:1,(anonymous_12)
DA:5,45
DA:6,45
DA:9,4
DA:10,4
DA:11,4
DA:13,3
DA:17,3
DA:21,1
DA:22,1
DA:23,1
DA:29,1
DA:32,45
DA:52,35
DA:66,4
DA:76,1
DA:88,1
LF:16
LH:16
BRDA:11,0,0,1
BRDA:11,0,1,3
BRDA:23,1,0,1
BRDA:23,1,1,0
BRDA:59,2,0,41
BRDA:59,2,1,4
BRDA:79,3,0,1
BRDA:79,3,1,3
BRF:8
BRH:7
end_of_record
TN:
SF:src\sonarDemoVulnerabilities.js
FN:16,loginDemo
FN:40,renderUnsafeHtml
FN:45,fetchUserData
FN:56,debugLeak
FN:67,classifyPriority
FN:92,formatStatus
FN:104,buildReport
FN:123,noopHandler
FN:127,isReady
FNF:9
FNH:9
FNDA:2,loginDemo
FNDA:46,renderUnsafeHtml
FNDA:1,fetchUserData
FNDA:1,debugLeak
FNDA:4,classifyPriority
FNDA:3,formatStatus
FNDA:2,buildReport
FNDA:1,noopHandler
FNDA:2,isReady
DA:7,2
DA:8,2
DA:11,2
DA:14,2
DA:18,2
DA:21,2
DA:22,2
DA:23,2
DA:24,2
DA:27,2
DA:28,1
DA:37,1
DA:42,46
DA:47,1
DA:49,1
DA:50,1
DA:58,1
DA:59,1
DA:69,4
DA:73,4
DA:74,3
DA:75,1
DA:77,2
DA:78,1
DA:80,1
DA:81,0
DA:83,1
DA:89,1
DA:94,3
DA:96,1
DA:98,1
DA:100,1
DA:107,2
DA:108,2
DA:109,2
DA:116,2
DA:117,1
DA:120,1
DA:129,2
DA:130,1
DA:132,1
LF:41
LH:40
BRDA:21,0,0,2
BRDA:21,0,1,0
BRDA:27,1,0,1
BRDA:27,1,1,1
BRDA:27,2,0,2
BRDA:27,2,1,1
BRDA:73,3,0,3
BRDA:73,3,1,1
BRDA:74,4,0,1
BRDA:74,4,1,2
BRDA:77,5,0,1
BRDA:77,5,1,1
BRDA:80,6,0,0
BRDA:80,6,1,1
BRDA:94,7,0,1
BRDA:94,7,1,1
BRDA:94,7,2,1
BRDA:116,8,0,1
BRDA:116,8,1,1
BRDA:129,9,0,1
BRDA:129,9,1,1
BRDA:129,10,0,2
BRDA:129,10,1,1
BRF:23
BRH:21
end_of_record
